<testsuite failures="1" name="src/test/java/Features/CreateUserRequest.feature" skipped="0" tests="1" time="0.038526">
  <testcase classname="src.test.java.Features.CreateUserRequest" name="To Create user using create user request API" time="0.038526">
    <failure message="CreateUserRequest.feature:12 - net.minidev.json.parser.ParseException: Unexpected End Of File position 196: null">Given url "https://petstore.swagger.io/v2/user" ........................... passed
And path "v2/user" ........................................................ passed
And table reqBody ......................................................... failed

Stack Trace:
com.intuit.karate.exception.KarateException: CreateUserRequest.feature:12 - net.minidev.json.parser.ParseException: Unexpected End Of File position 196: null&#13;
	at âœ½.And table reqBody (CreateUserRequest.feature:12)&#13;

And request reqBody[0] .................................................... skipped
When method POST .......................................................... skipped
Then status 200 ........................................................... skipped
And print reponse ......................................................... skipped</failure>
  </testcase>
</testsuite>
